[Info  - 3:14:27 PM] Angular language server process ID: 9028
[Info  - 3:14:27 PM] Using typescript v3.6.4 from /root/.vscode/extensions/angular.ng-template-0.900.3/node_modules/typescript/lib/tsserverlibrary.js
[Info  - 3:14:27 PM] Using @angular/language-service v9.0.0-rc.7 from /root/.vscode/extensions/angular.ng-template-0.900.3/server/node_modules/@angular/language-service/bundles/language-service.umd.js
[Info  - 3:14:27 PM] Log file: /home/gslab/Music/GoProject/phonebook/logs/20191227T145742/exthost1/Angular.ng-template/nglangsvc.log
Warning: Can't resolve all parameters for StateService in /home/gslab/Music/GoProject/phonebook/src/app/state.service.ts: (?). This will become an error in Angular v6.x
Warning: Can't resolve all parameters for StateService in /home/gslab/Music/GoProject/phonebook/src/app/state.service.ts: (?). This will become an error in Angular v6.x
Warning: Can't resolve all parameters for StateService in /home/gslab/Music/GoProject/phonebook/src/app/state.service.ts: (?). This will become an error in Angular v6.x
Warning: Can't resolve all parameters for StateService in /home/gslab/Music/GoProject/phonebook/src/app/state.service.ts: (?). This will become an error in Angular v6.x
Warning: Can't resolve all parameters for StateService in /home/gslab/Music/GoProject/phonebook/src/app/state.service.ts: (?). This will become an error in Angular v6.x
Warning: Can't resolve all parameters for StateService in /home/gslab/Music/GoProject/phonebook/src/app/state.service.ts: (?). This will become an error in Angular v6.x
Warning: Can't resolve all parameters for StateService in /home/gslab/Music/GoProject/phonebook/src/app/state.service.ts: (?). This will become an error in Angular v6.x
Warning: Can't resolve all parameters for StateService in /home/gslab/Music/GoProject/phonebook/src/app/state.service.ts: (?). This will become an error in Angular v6.x
Warning: Can't resolve all parameters for StateService in /home/gslab/Music/GoProject/phonebook/src/app/state.service.ts: (?). This will become an error in Angular v6.x
Warning: Can't resolve all parameters for StateService in /home/gslab/Music/GoProject/phonebook/src/app/state.service.ts: (?). This will become an error in Angular v6.x
Warning: Can't resolve all parameters for StateService in /home/gslab/Music/GoProject/phonebook/src/app/state.service.ts: (?). This will become an error in Angular v6.x
Warning: Can't resolve all parameters for StateService in /home/gslab/Music/GoProject/phonebook/src/app/state.service.ts: (?). This will become an error in Angular v6.x
Warning: Can't resolve all parameters for StateService in /home/gslab/Music/GoProject/phonebook/src/app/state.service.ts: (?). This will become an error in Angular v6.x
Warning: Can't resolve all parameters for StateService in /home/gslab/Music/GoProject/phonebook/src/app/state.service.ts: (?). This will become an error in Angular v6.x
Warning: Can't resolve all parameters for StateService in /home/gslab/Music/GoProject/phonebook/src/app/state.service.ts: (?). This will become an error in Angular v6.x
Warning: Can't resolve all parameters for StateService in /home/gslab/Music/GoProject/phonebook/src/app/state.service.ts: (?). This will become an error in Angular v6.x
Warning: Can't resolve all parameters for StateService in /home/gslab/Music/GoProject/phonebook/src/app/state.service.ts: (?). This will become an error in Angular v6.x
Warning: Can't resolve all parameters for StateService in /home/gslab/Music/GoProject/phonebook/src/app/state.service.ts: (?). This will become an error in Angular v6.x
Warning: Can't resolve all parameters for StateService in /home/gslab/Music/GoProject/phonebook/src/app/state.service.ts: (?). This will become an error in Angular v6.x
Warning: Can't resolve all parameters for StateService in /home/gslab/Music/GoProject/phonebook/src/app/state.service.ts: (?). This will become an error in Angular v6.x
Warning: Can't resolve all parameters for StateService in /home/gslab/Music/GoProject/phonebook/src/app/state.service.ts: (?). This will become an error in Angular v6.x
Warning: Can't resolve all parameters for StateService in /home/gslab/Music/GoProject/phonebook/src/app/state.service.ts: (?). This will become an error in Angular v6.x
Warning: Can't resolve all parameters for StateService in /home/gslab/Music/GoProject/phonebook/src/app/state.service.ts: (?). This will become an error in Angular v6.x
Warning: Can't resolve all parameters for StateService in /home/gslab/Music/GoProject/phonebook/src/app/state.service.ts: (?). This will become an error in Angular v6.x
Warning: Can't resolve all parameters for StateService in /home/gslab/Music/GoProject/phonebook/src/app/state.service.ts: (?). This will become an error in Angular v6.x
Warning: Can't resolve all parameters for StateService in /home/gslab/Music/GoProject/phonebook/src/app/state.service.ts: (?). This will become an error in Angular v6.x
Warning: Can't resolve all parameters for StateService in /home/gslab/Music/GoProject/phonebook/src/app/state.service.ts: (?). This will become an error in Angular v6.x
Warning: Can't resolve all parameters for StateService in /home/gslab/Music/GoProject/phonebook/src/app/state.service.ts: (?). This will become an error in Angular v6.x
Warning: Can't resolve all parameters for StateService in /home/gslab/Music/GoProject/phonebook/src/app/state.service.ts: (?). This will become an error in Angular v6.x
Warning: Can't resolve all parameters for StateService in /home/gslab/Music/GoProject/phonebook/src/app/state.service.ts: (?). This will become an error in Angular v6.x
Warning: Can't resolve all parameters for StateService in /home/gslab/Music/GoProject/phonebook/src/app/state.service.ts: (?). This will become an error in Angular v6.x
Warning: Can't resolve all parameters for StateService in /home/gslab/Music/GoProject/phonebook/src/app/state.service.ts: (?). This will become an error in Angular v6.x
Warning: Can't resolve all parameters for StateService in /home/gslab/Music/GoProject/phonebook/src/app/state.service.ts: (?). This will become an error in Angular v6.x
Warning: Can't resolve all parameters for StateService in /home/gslab/Music/GoProject/phonebook/src/app/state.service.ts: (?). This will become an error in Angular v6.x
Warning: Can't resolve all parameters for StateService in /home/gslab/Music/GoProject/phonebook/src/app/state.service.ts: (?). This will become an error in Angular v6.x
Warning: Can't resolve all parameters for StateService in /home/gslab/Music/GoProject/phonebook/src/app/state.service.ts: (?). This will become an error in Angular v6.x
Warning: Can't resolve all parameters for StateService in /home/gslab/Music/GoProject/phonebook/src/app/state.service.ts: (?). This will become an error in Angular v6.x
Warning: Can't resolve all parameters for StateService in /home/gslab/Music/GoProject/phonebook/src/app/state.service.ts: (?). This will become an error in Angular v6.x
Warning: Can't resolve all parameters for StateService in /home/gslab/Music/GoProject/phonebook/src/app/state.service.ts: (?). This will become an error in Angular v6.x
Warning: Can't resolve all parameters for StateService in /home/gslab/Music/GoProject/phonebook/src/app/state.service.ts: (?). This will become an error in Angular v6.x
Warning: Can't resolve all parameters for StateService in /home/gslab/Music/GoProject/phonebook/src/app/state.service.ts: (?). This will become an error in Angular v6.x
Warning: Can't resolve all parameters for StateService in /home/gslab/Music/GoProject/phonebook/src/app/state.service.ts: (?). This will become an error in Angular v6.x
Warning: Can't resolve all parameters for StateService in /home/gslab/Music/GoProject/phonebook/src/app/state.service.ts: (?). This will become an error in Angular v6.x
Warning: Can't resolve all parameters for StateService in /home/gslab/Music/GoProject/phonebook/src/app/state.service.ts: (?). This will become an error in Angular v6.x
Warning: Can't resolve all parameters for StateService in /home/gslab/Music/GoProject/phonebook/src/app/state.service.ts: (?). This will become an error in Angular v6.x
Warning: Can't resolve all parameters for StateService in /home/gslab/Music/GoProject/phonebook/src/app/state.service.ts: (?). This will become an error in Angular v6.x
Warning: Can't resolve all parameters for StateService in /home/gslab/Music/GoProject/phonebook/src/app/state.service.ts: (?). This will become an error in Angular v6.x
Warning: Can't resolve all parameters for StateService in /home/gslab/Music/GoProject/phonebook/src/app/state.service.ts: (?). This will become an error in Angular v6.x
Warning: Can't resolve all parameters for StateService in /home/gslab/Music/GoProject/phonebook/src/app/state.service.ts: (?). This will become an error in Angular v6.x
Warning: Can't resolve all parameters for StateService in /home/gslab/Music/GoProject/phonebook/src/app/state.service.ts: (?). This will become an error in Angular v6.x
Warning: Can't resolve all parameters for StateService in /home/gslab/Music/GoProject/phonebook/src/app/state.service.ts: (?). This will become an error in Angular v6.x
Warning: Can't resolve all parameters for StateService in /home/gslab/Music/GoProject/phonebook/src/app/state.service.ts: (?). This will become an error in Angular v6.x
Warning: Can't resolve all parameters for StateService in /home/gslab/Music/GoProject/phonebook/src/app/state.service.ts: (?). This will become an error in Angular v6.x
Warning: Can't resolve all parameters for StateService in /home/gslab/Music/GoProject/phonebook/src/app/state.service.ts: (?). This will become an error in Angular v6.x
Warning: Can't resolve all parameters for StateService in /home/gslab/Music/GoProject/phonebook/src/app/state.service.ts: (?). This will become an error in Angular v6.x
Warning: Can't resolve all parameters for StateService in /home/gslab/Music/GoProject/phonebook/src/app/state.service.ts: (?). This will become an error in Angular v6.x
Warning: Can't resolve all parameters for StateService in /home/gslab/Music/GoProject/phonebook/src/app/state.service.ts: (?). This will become an error in Angular v6.x
Warning: Can't resolve all parameters for StateService in /home/gslab/Music/GoProject/phonebook/src/app/state.service.ts: (?). This will become an error in Angular v6.x
Warning: Can't resolve all parameters for StateService in /home/gslab/Music/GoProject/phonebook/src/app/state.service.ts: (?). This will become an error in Angular v6.x
Warning: Can't resolve all parameters for StateService in /home/gslab/Music/GoProject/phonebook/src/app/state.service.ts: (?). This will become an error in Angular v6.x
Warning: Can't resolve all parameters for StateService in /home/gslab/Music/GoProject/phonebook/src/app/state.service.ts: (?). This will become an error in Angular v6.x
Warning: Can't resolve all parameters for StateService in /home/gslab/Music/GoProject/phonebook/src/app/state.service.ts: (?). This will become an error in Angular v6.x
Warning: Can't resolve all parameters for StateService in /home/gslab/Music/GoProject/phonebook/src/app/state.service.ts: (?). This will become an error in Angular v6.x
Warning: Can't resolve all parameters for StateService in /home/gslab/Music/GoProject/phonebook/src/app/state.service.ts: (?). This will become an error in Angular v6.x
Warning: Can't resolve all parameters for StateService in /home/gslab/Music/GoProject/phonebook/src/app/state.service.ts: (?). This will become an error in Angular v6.x
Warning: Can't resolve all parameters for StateService in /home/gslab/Music/GoProject/phonebook/src/app/state.service.ts: (?). This will become an error in Angular v6.x
Warning: Can't resolve all parameters for StateService in /home/gslab/Music/GoProject/phonebook/src/app/state.service.ts: (?). This will become an error in Angular v6.x
Warning: Can't resolve all parameters for StateService in /home/gslab/Music/GoProject/phonebook/src/app/state.service.ts: (?). This will become an error in Angular v6.x
Warning: Can't resolve all parameters for StateService in /home/gslab/Music/GoProject/phonebook/src/app/state.service.ts: (?). This will become an error in Angular v6.x
Warning: Can't resolve all parameters for StateService in /home/gslab/Music/GoProject/phonebook/src/app/state.service.ts: (?). This will become an error in Angular v6.x
Warning: Can't resolve all parameters for StateService in /home/gslab/Music/GoProject/phonebook/src/app/state.service.ts: (?). This will become an error in Angular v6.x
Warning: Can't resolve all parameters for StateService in /home/gslab/Music/GoProject/phonebook/src/app/state.service.ts: (?). This will become an error in Angular v6.x
Warning: Can't resolve all parameters for StateService in /home/gslab/Music/GoProject/phonebook/src/app/state.service.ts: (?). This will become an error in Angular v6.x
Warning: Can't resolve all parameters for StateService in /home/gslab/Music/GoProject/phonebook/src/app/state.service.ts: (?). This will become an error in Angular v6.x
Warning: Can't resolve all parameters for StateService in /home/gslab/Music/GoProject/phonebook/src/app/state.service.ts: (?). This will become an error in Angular v6.x
Warning: Can't resolve all parameters for StateService in /home/gslab/Music/GoProject/phonebook/src/app/state.service.ts: (?). This will become an error in Angular v6.x
Warning: Can't resolve all parameters for StateService in /home/gslab/Music/GoProject/phonebook/src/app/state.service.ts: (?). This will become an error in Angular v6.x
Warning: Can't resolve all parameters for StateService in /home/gslab/Music/GoProject/phonebook/src/app/state.service.ts: (?). This will become an error in Angular v6.x
Warning: Can't resolve all parameters for StateService in /home/gslab/Music/GoProject/phonebook/src/app/state.service.ts: (?). This will become an error in Angular v6.x
Warning: Can't resolve all parameters for StateService in /home/gslab/Music/GoProject/phonebook/src/app/state.service.ts: (?). This will become an error in Angular v6.x
Warning: Can't resolve all parameters for StateService in /home/gslab/Music/GoProject/phonebook/src/app/state.service.ts: (?). This will become an error in Angular v6.x
Warning: Can't resolve all parameters for StateService in /home/gslab/Music/GoProject/phonebook/src/app/state.service.ts: (?). This will become an error in Angular v6.x
Warning: Can't resolve all parameters for StateService in /home/gslab/Music/GoProject/phonebook/src/app/state.service.ts: (?). This will become an error in Angular v6.x
Warning: Can't resolve all parameters for StateService in /home/gslab/Music/GoProject/phonebook/src/app/state.service.ts: (?). This will become an error in Angular v6.x
Warning: Can't resolve all parameters for StateService in /home/gslab/Music/GoProject/phonebook/src/app/state.service.ts: (?). This will become an error in Angular v6.x
Warning: Can't resolve all parameters for StateService in /home/gslab/Music/GoProject/phonebook/src/app/state.service.ts: (?). This will become an error in Angular v6.x
Warning: Can't resolve all parameters for StateService in /home/gslab/Music/GoProject/phonebook/src/app/state.service.ts: (?). This will become an error in Angular v6.x
Warning: Can't resolve all parameters for StateService in /home/gslab/Music/GoProject/phonebook/src/app/state.service.ts: (?). This will become an error in Angular v6.x
Warning: Can't resolve all parameters for StateService in /home/gslab/Music/GoProject/phonebook/src/app/state.service.ts: (?). This will become an error in Angular v6.x
Warning: Can't resolve all parameters for StateService in /home/gslab/Music/GoProject/phonebook/src/app/state.service.ts: (?). This will become an error in Angular v6.x
Warning: Can't resolve all parameters for StateService in /home/gslab/Music/GoProject/phonebook/src/app/state.service.ts: (?). This will become an error in Angular v6.x
Warning: Can't resolve all parameters for StateService in /home/gslab/Music/GoProject/phonebook/src/app/state.service.ts: (?). This will become an error in Angular v6.x
Warning: Can't resolve all parameters for StateService in /home/gslab/Music/GoProject/phonebook/src/app/state.service.ts: (?). This will become an error in Angular v6.x
Warning: Can't resolve all parameters for StateService in /home/gslab/Music/GoProject/phonebook/src/app/state.service.ts: (?). This will become an error in Angular v6.x
Warning: Can't resolve all parameters for StateService in /home/gslab/Music/GoProject/phonebook/src/app/state.service.ts: (?). This will become an error in Angular v6.x
Warning: Can't resolve all parameters for StateService in /home/gslab/Music/GoProject/phonebook/src/app/state.service.ts: (?). This will become an error in Angular v6.x
Warning: Can't resolve all parameters for StateService in /home/gslab/Music/GoProject/phonebook/src/app/state.service.ts: (?). This will become an error in Angular v6.x
Warning: Can't resolve all parameters for StateService in /home/gslab/Music/GoProject/phonebook/src/app/state.service.ts: (?). This will become an error in Angular v6.x
Warning: Can't resolve all parameters for StateService in /home/gslab/Music/GoProject/phonebook/src/app/state.service.ts: (?). This will become an error in Angular v6.x
Warning: Can't resolve all parameters for StateService in /home/gslab/Music/GoProject/phonebook/src/app/state.service.ts: (?). This will become an error in Angular v6.x
Warning: Can't resolve all parameters for StateService in /home/gslab/Music/GoProject/phonebook/src/app/state.service.ts: (?). This will become an error in Angular v6.x
Warning: Can't resolve all parameters for StateService in /home/gslab/Music/GoProject/phonebook/src/app/state.service.ts: (?). This will become an error in Angular v6.x
Warning: Can't resolve all parameters for StateService in /home/gslab/Music/GoProject/phonebook/src/app/state.service.ts: (?). This will become an error in Angular v6.x
Warning: Can't resolve all parameters for StateService in /home/gslab/Music/GoProject/phonebook/src/app/state.service.ts: (?). This will become an error in Angular v6.x
Warning: Can't resolve all parameters for StateService in /home/gslab/Music/GoProject/phonebook/src/app/state.service.ts: (?). This will become an error in Angular v6.x
Warning: Can't resolve all parameters for StateService in /home/gslab/Music/GoProject/phonebook/src/app/state.service.ts: (?). This will become an error in Angular v6.x
Warning: Can't resolve all parameters for StateService in /home/gslab/Music/GoProject/phonebook/src/app/state.service.ts: (?). This will become an error in Angular v6.x
Warning: Can't resolve all parameters for StateService in /home/gslab/Music/GoProject/phonebook/src/app/state.service.ts: (?). This will become an error in Angular v6.x
Warning: Can't resolve all parameters for StateService in /home/gslab/Music/GoProject/phonebook/src/app/state.service.ts: (?). This will become an error in Angular v6.x
Warning: Can't resolve all parameters for StateService in /home/gslab/Music/GoProject/phonebook/src/app/state.service.ts: (?). This will become an error in Angular v6.x
Warning: Can't resolve all parameters for StateService in /home/gslab/Music/GoProject/phonebook/src/app/state.service.ts: (?). This will become an error in Angular v6.x
Warning: Can't resolve all parameters for StateService in /home/gslab/Music/GoProject/phonebook/src/app/state.service.ts: (?). This will become an error in Angular v6.x
Warning: Can't resolve all parameters for StateService in /home/gslab/Music/GoProject/phonebook/src/app/state.service.ts: (?). This will become an error in Angular v6.x
Warning: Can't resolve all parameters for StateService in /home/gslab/Music/GoProject/phonebook/src/app/state.service.ts: (?). This will become an error in Angular v6.x
Warning: Can't resolve all parameters for StateService in /home/gslab/Music/GoProject/phonebook/src/app/state.service.ts: (?). This will become an error in Angular v6.x
Warning: Can't resolve all parameters for StateService in /home/gslab/Music/GoProject/phonebook/src/app/state.service.ts: (?). This will become an error in Angular v6.x
Warning: Can't resolve all parameters for StateService in /home/gslab/Music/GoProject/phonebook/src/app/state.service.ts: (?). This will become an error in Angular v6.x
Warning: Can't resolve all parameters for StateService in /home/gslab/Music/GoProject/phonebook/src/app/state.service.ts: (?). This will become an error in Angular v6.x
Warning: Can't resolve all parameters for StateService in /home/gslab/Music/GoProject/phonebook/src/app/state.service.ts: (?). This will become an error in Angular v6.x
Warning: Can't resolve all parameters for StateService in /home/gslab/Music/GoProject/phonebook/src/app/state.service.ts: (?). This will become an error in Angular v6.x
Warning: Can't resolve all parameters for StateService in /home/gslab/Music/GoProject/phonebook/src/app/state.service.ts: (?). This will become an error in Angular v6.x
Warning: Can't resolve all parameters for StateService in /home/gslab/Music/GoProject/phonebook/src/app/state.service.ts: (?). This will become an error in Angular v6.x
Warning: Can't resolve all parameters for StateService in /home/gslab/Music/GoProject/phonebook/src/app/state.service.ts: (?). This will become an error in Angular v6.x
Warning: Can't resolve all parameters for StateService in /home/gslab/Music/GoProject/phonebook/src/app/state.service.ts: (?). This will become an error in Angular v6.x
Warning: Can't resolve all parameters for StateService in /home/gslab/Music/GoProject/phonebook/src/app/state.service.ts: (?). This will become an error in Angular v6.x
Warning: Can't resolve all parameters for StateService in /home/gslab/Music/GoProject/phonebook/src/app/state.service.ts: (?). This will become an error in Angular v6.x
Warning: Can't resolve all parameters for StateService in /home/gslab/Music/GoProject/phonebook/src/app/state.service.ts: (?). This will become an error in Angular v6.x
Warning: Can't resolve all parameters for StateService in /home/gslab/Music/GoProject/phonebook/src/app/state.service.ts: (?). This will become an error in Angular v6.x
Warning: Can't resolve all parameters for StateService in /home/gslab/Music/GoProject/phonebook/src/app/state.service.ts: (?). This will become an error in Angular v6.x
Warning: Can't resolve all parameters for StateService in /home/gslab/Music/GoProject/phonebook/src/app/state.service.ts: (?). This will become an error in Angular v6.x
Warning: Can't resolve all parameters for StateService in /home/gslab/Music/GoProject/phonebook/src/app/state.service.ts: (?). This will become an error in Angular v6.x
Warning: Can't resolve all parameters for StateService in /home/gslab/Music/GoProject/phonebook/src/app/state.service.ts: (?). This will become an error in Angular v6.x
Warning: Can't resolve all parameters for StateService in /home/gslab/Music/GoProject/phonebook/src/app/state.service.ts: (?). This will become an error in Angular v6.x
Warning: Can't resolve all parameters for StateService in /home/gslab/Music/GoProject/phonebook/src/app/state.service.ts: (?). This will become an error in Angular v6.x
Warning: Can't resolve all parameters for StateService in /home/gslab/Music/GoProject/phonebook/src/app/state.service.ts: (?). This will become an error in Angular v6.x
Warning: Can't resolve all parameters for StateService in /home/gslab/Music/GoProject/phonebook/src/app/state.service.ts: (?). This will become an error in Angular v6.x
Warning: Can't resolve all parameters for StateService in /home/gslab/Music/GoProject/phonebook/src/app/state.service.ts: (?). This will become an error in Angular v6.x
Warning: Can't resolve all parameters for StateService in /home/gslab/Music/GoProject/phonebook/src/app/state.service.ts: (?). This will become an error in Angular v6.x
Warning: Can't resolve all parameters for StateService in /home/gslab/Music/GoProject/phonebook/src/app/state.service.ts: (?). This will become an error in Angular v6.x
Warning: Can't resolve all parameters for StateService in /home/gslab/Music/GoProject/phonebook/src/app/state.service.ts: (?). This will become an error in Angular v6.x
Warning: Can't resolve all parameters for StateService in /home/gslab/Music/GoProject/phonebook/src/app/state.service.ts: (?). This will become an error in Angular v6.x
Warning: Can't resolve all parameters for StateService in /home/gslab/Music/GoProject/phonebook/src/app/state.service.ts: (?). This will become an error in Angular v6.x
Warning: Can't resolve all parameters for StateService in /home/gslab/Music/GoProject/phonebook/src/app/state.service.ts: (?). This will become an error in Angular v6.x
Warning: Can't resolve all parameters for StateService in /home/gslab/Music/GoProject/phonebook/src/app/state.service.ts: (?). This will become an error in Angular v6.x
Warning: Can't resolve all parameters for StateService in /home/gslab/Music/GoProject/phonebook/src/app/state.service.ts: (?). This will become an error in Angular v6.x
Warning: Can't resolve all parameters for StateService in /home/gslab/Music/GoProject/phonebook/src/app/state.service.ts: (?). This will become an error in Angular v6.x
Warning: Can't resolve all parameters for StateService in /home/gslab/Music/GoProject/phonebook/src/app/state.service.ts: (?). This will become an error in Angular v6.x
Warning: Can't resolve all parameters for StateService in /home/gslab/Music/GoProject/phonebook/src/app/state.service.ts: (?). This will become an error in Angular v6.x
Warning: Can't resolve all parameters for StateService in /home/gslab/Music/GoProject/phonebook/src/app/state.service.ts: (?). This will become an error in Angular v6.x
Warning: Can't resolve all parameters for StateService in /home/gslab/Music/GoProject/phonebook/src/app/state.service.ts: (?). This will become an error in Angular v6.x
Warning: Can't resolve all parameters for StateService in /home/gslab/Music/GoProject/phonebook/src/app/state.service.ts: (?). This will become an error in Angular v6.x
Warning: Can't resolve all parameters for StateService in /home/gslab/Music/GoProject/phonebook/src/app/state.service.ts: (?). This will become an error in Angular v6.x
Warning: Can't resolve all parameters for StateService in /home/gslab/Music/GoProject/phonebook/src/app/state.service.ts: (?). This will become an error in Angular v6.x
Warning: Can't resolve all parameters for StateService in /home/gslab/Music/GoProject/phonebook/src/app/state.service.ts: (?). This will become an error in Angular v6.x
Warning: Can't resolve all parameters for StateService in /home/gslab/Music/GoProject/phonebook/src/app/state.service.ts: (?). This will become an error in Angular v6.x
Warning: Can't resolve all parameters for StateService in /home/gslab/Music/GoProject/phonebook/src/app/state.service.ts: (?). This will become an error in Angular v6.x
Warning: Can't resolve all parameters for StateService in /home/gslab/Music/GoProject/phonebook/src/app/state.service.ts: (?). This will become an error in Angular v6.x
Warning: Can't resolve all parameters for StateService in /home/gslab/Music/GoProject/phonebook/src/app/state.service.ts: (?). This will become an error in Angular v6.x
Warning: Can't resolve all parameters for StateService in /home/gslab/Music/GoProject/phonebook/src/app/state.service.ts: (?). This will become an error in Angular v6.x
Warning: Can't resolve all parameters for StateService in /home/gslab/Music/GoProject/phonebook/src/app/state.service.ts: (?). This will become an error in Angular v6.x
Warning: Can't resolve all parameters for StateService in /home/gslab/Music/GoProject/phonebook/src/app/state.service.ts: (?). This will become an error in Angular v6.x
Warning: Can't resolve all parameters for StateService in /home/gslab/Music/GoProject/phonebook/src/app/state.service.ts: (?). This will become an error in Angular v6.x
Warning: Can't resolve all parameters for StateService in /home/gslab/Music/GoProject/phonebook/src/app/state.service.ts: (?). This will become an error in Angular v6.x
Warning: Can't resolve all parameters for StateService in /home/gslab/Music/GoProject/phonebook/src/app/state.service.ts: (?). This will become an error in Angular v6.x
Warning: Can't resolve all parameters for StateService in /home/gslab/Music/GoProject/phonebook/src/app/state.service.ts: (?). This will become an error in Angular v6.x
Warning: Can't resolve all parameters for StateService in /home/gslab/Music/GoProject/phonebook/src/app/state.service.ts: (?). This will become an error in Angular v6.x
Warning: Can't resolve all parameters for StateService in /home/gslab/Music/GoProject/phonebook/src/app/state.service.ts: (?). This will become an error in Angular v6.x
Warning: Can't resolve all parameters for StateService in /home/gslab/Music/GoProject/phonebook/src/app/state.service.ts: (?). This will become an error in Angular v6.x
Warning: Can't resolve all parameters for StateService in /home/gslab/Music/GoProject/phonebook/src/app/state.service.ts: (?). This will become an error in Angular v6.x
Warning: Can't resolve all parameters for StateService in /home/gslab/Music/GoProject/phonebook/src/app/state.service.ts: (?). This will become an error in Angular v6.x
Warning: Can't resolve all parameters for StateService in /home/gslab/Music/GoProject/phonebook/src/app/state.service.ts: (?). This will become an error in Angular v6.x
Warning: Can't resolve all parameters for StateService in /home/gslab/Music/GoProject/phonebook/src/app/state.service.ts: (?). This will become an error in Angular v6.x
Warning: Can't resolve all parameters for StateService in /home/gslab/Music/GoProject/phonebook/src/app/state.service.ts: (?). This will become an error in Angular v6.x
Warning: Can't resolve all parameters for StateService in /home/gslab/Music/GoProject/phonebook/src/app/state.service.ts: (?). This will become an error in Angular v6.x
Warning: Can't resolve all parameters for StateService in /home/gslab/Music/GoProject/phonebook/src/app/state.service.ts: (?). This will become an error in Angular v6.x
Warning: Can't resolve all parameters for StateService in /home/gslab/Music/GoProject/phonebook/src/app/state.service.ts: (?). This will become an error in Angular v6.x
Warning: Can't resolve all parameters for StateService in /home/gslab/Music/GoProject/phonebook/src/app/state.service.ts: (?). This will become an error in Angular v6.x
Warning: Can't resolve all parameters for StateService in /home/gslab/Music/GoProject/phonebook/src/app/state.service.ts: (?). This will become an error in Angular v6.x
Warning: Can't resolve all parameters for StateService in /home/gslab/Music/GoProject/phonebook/src/app/state.service.ts: (?). This will become an error in Angular v6.x
Warning: Can't resolve all parameters for StateService in /home/gslab/Music/GoProject/phonebook/src/app/state.service.ts: (?). This will become an error in Angular v6.x
Warning: Can't resolve all parameters for StateService in /home/gslab/Music/GoProject/phonebook/src/app/state.service.ts: (?). This will become an error in Angular v6.x
Warning: Can't resolve all parameters for StateService in /home/gslab/Music/GoProject/phonebook/src/app/state.service.ts: (?). This will become an error in Angular v6.x
Warning: Can't resolve all parameters for StateService in /home/gslab/Music/GoProject/phonebook/src/app/state.service.ts: (?). This will become an error in Angular v6.x
Warning: Can't resolve all parameters for StateService in /home/gslab/Music/GoProject/phonebook/src/app/state.service.ts: (?). This will become an error in Angular v6.x
Warning: Can't resolve all parameters for StateService in /home/gslab/Music/GoProject/phonebook/src/app/state.service.ts: (?). This will become an error in Angular v6.x
Warning: Can't resolve all parameters for StateService in /home/gslab/Music/GoProject/phonebook/src/app/state.service.ts: (?). This will become an error in Angular v6.x
Warning: Can't resolve all parameters for StateService in /home/gslab/Music/GoProject/phonebook/src/app/state.service.ts: (?). This will become an error in Angular v6.x
Warning: Can't resolve all parameters for StateService in /home/gslab/Music/GoProject/phonebook/src/app/state.service.ts: (?). This will become an error in Angular v6.x
Warning: Can't resolve all parameters for StateService in /home/gslab/Music/GoProject/phonebook/src/app/state.service.ts: (?). This will become an error in Angular v6.x
Warning: Can't resolve all parameters for StateService in /home/gslab/Music/GoProject/phonebook/src/app/state.service.ts: (?). This will become an error in Angular v6.x
Warning: Can't resolve all parameters for StateService in /home/gslab/Music/GoProject/phonebook/src/app/state.service.ts: (?). This will become an error in Angular v6.x
Warning: Can't resolve all parameters for StateService in /home/gslab/Music/GoProject/phonebook/src/app/state.service.ts: (?). This will become an error in Angular v6.x
Warning: Can't resolve all parameters for StateService in /home/gslab/Music/GoProject/phonebook/src/app/state.service.ts: (?). This will become an error in Angular v6.x
Warning: Can't resolve all parameters for StateService in /home/gslab/Music/GoProject/phonebook/src/app/state.service.ts: (?). This will become an error in Angular v6.x
Warning: Can't resolve all parameters for StateService in /home/gslab/Music/GoProject/phonebook/src/app/state.service.ts: (?). This will become an error in Angular v6.x
Warning: Can't resolve all parameters for StateService in /home/gslab/Music/GoProject/phonebook/src/app/state.service.ts: (?). This will become an error in Angular v6.x
Warning: Can't resolve all parameters for StateService in /home/gslab/Music/GoProject/phonebook/src/app/state.service.ts: (?). This will become an error in Angular v6.x
Warning: Can't resolve all parameters for StateService in /home/gslab/Music/GoProject/phonebook/src/app/state.service.ts: (?). This will become an error in Angular v6.x
Warning: Can't resolve all parameters for StateService in /home/gslab/Music/GoProject/phonebook/src/app/state.service.ts: (?). This will become an error in Angular v6.x
Warning: Can't resolve all parameters for StateService in /home/gslab/Music/GoProject/phonebook/src/app/state.service.ts: (?). This will become an error in Angular v6.x
Warning: Can't resolve all parameters for StateService in /home/gslab/Music/GoProject/phonebook/src/app/state.service.ts: (?). This will become an error in Angular v6.x
Warning: Can't resolve all parameters for StateService in /home/gslab/Music/GoProject/phonebook/src/app/state.service.ts: (?). This will become an error in Angular v6.x
Warning: Can't resolve all parameters for StateService in /home/gslab/Music/GoProject/phonebook/src/app/state.service.ts: (?). This will become an error in Angular v6.x
Warning: Can't resolve all parameters for StateService in /home/gslab/Music/GoProject/phonebook/src/app/state.service.ts: (?). This will become an error in Angular v6.x
Warning: Can't resolve all parameters for StateService in /home/gslab/Music/GoProject/phonebook/src/app/state.service.ts: (?). This will become an error in Angular v6.x
Warning: Can't resolve all parameters for StateService in /home/gslab/Music/GoProject/phonebook/src/app/state.service.ts: (?). This will become an error in Angular v6.x
Warning: Can't resolve all parameters for StateService in /home/gslab/Music/GoProject/phonebook/src/app/state.service.ts: (?). This will become an error in Angular v6.x
Warning: Can't resolve all parameters for StateService in /home/gslab/Music/GoProject/phonebook/src/app/state.service.ts: (?). This will become an error in Angular v6.x
Warning: Can't resolve all parameters for StateService in /home/gslab/Music/GoProject/phonebook/src/app/state.service.ts: (?). This will become an error in Angular v6.x
Warning: Can't resolve all parameters for StateService in /home/gslab/Music/GoProject/phonebook/src/app/state.service.ts: (?). This will become an error in Angular v6.x
Warning: Can't resolve all parameters for StateService in /home/gslab/Music/GoProject/phonebook/src/app/state.service.ts: (?). This will become an error in Angular v6.x
Warning: Can't resolve all parameters for StateService in /home/gslab/Music/GoProject/phonebook/src/app/state.service.ts: (?). This will become an error in Angular v6.x
Warning: Can't resolve all parameters for StateService in /home/gslab/Music/GoProject/phonebook/src/app/state.service.ts: (?). This will become an error in Angular v6.x
Warning: Can't resolve all parameters for StateService in /home/gslab/Music/GoProject/phonebook/src/app/state.service.ts: (?). This will become an error in Angular v6.x
Warning: Can't resolve all parameters for StateService in /home/gslab/Music/GoProject/phonebook/src/app/state.service.ts: (?). This will become an error in Angular v6.x
Warning: Can't resolve all parameters for StateService in /home/gslab/Music/GoProject/phonebook/src/app/state.service.ts: (?). This will become an error in Angular v6.x
Warning: Can't resolve all parameters for StateService in /home/gslab/Music/GoProject/phonebook/src/app/state.service.ts: (?). This will become an error in Angular v6.x
Warning: Can't resolve all parameters for StateService in /home/gslab/Music/GoProject/phonebook/src/app/state.service.ts: (?). This will become an error in Angular v6.x
Warning: Can't resolve all parameters for StateService in /home/gslab/Music/GoProject/phonebook/src/app/state.service.ts: (?). This will become an error in Angular v6.x
Warning: Can't resolve all parameters for StateService in /home/gslab/Music/GoProject/phonebook/src/app/state.service.ts: (?). This will become an error in Angular v6.x
Warning: Can't resolve all parameters for StateService in /home/gslab/Music/GoProject/phonebook/src/app/state.service.ts: (?). This will become an error in Angular v6.x
Warning: Can't resolve all parameters for StateService in /home/gslab/Music/GoProject/phonebook/src/app/state.service.ts: (?). This will become an error in Angular v6.x
Warning: Can't resolve all parameters for StateService in /home/gslab/Music/GoProject/phonebook/src/app/state.service.ts: (?). This will become an error in Angular v6.x
Warning: Can't resolve all parameters for StateService in /home/gslab/Music/GoProject/phonebook/src/app/state.service.ts: (?). This will become an error in Angular v6.x
Warning: Can't resolve all parameters for StateService in /home/gslab/Music/GoProject/phonebook/src/app/state.service.ts: (?). This will become an error in Angular v6.x
Warning: Can't resolve all parameters for StateService in /home/gslab/Music/GoProject/phonebook/src/app/state.service.ts: (?). This will become an error in Angular v6.x
Warning: Can't resolve all parameters for StateService in /home/gslab/Music/GoProject/phonebook/src/app/state.service.ts: (?). This will become an error in Angular v6.x
Warning: Can't resolve all parameters for StateService in /home/gslab/Music/GoProject/phonebook/src/app/state.service.ts: (?). This will become an error in Angular v6.x
Warning: Can't resolve all parameters for StateService in /home/gslab/Music/GoProject/phonebook/src/app/state.service.ts: (?). This will become an error in Angular v6.x
Warning: Can't resolve all parameters for StateService in /home/gslab/Music/GoProject/phonebook/src/app/state.service.ts: (?). This will become an error in Angular v6.x
Warning: Can't resolve all parameters for StateService in /home/gslab/Music/GoProject/phonebook/src/app/state.service.ts: (?). This will become an error in Angular v6.x
Warning: Can't resolve all parameters for StateService in /home/gslab/Music/GoProject/phonebook/src/app/state.service.ts: (?). This will become an error in Angular v6.x
Warning: Can't resolve all parameters for StateService in /home/gslab/Music/GoProject/phonebook/src/app/state.service.ts: (?). This will become an error in Angular v6.x
Warning: Can't resolve all parameters for StateService in /home/gslab/Music/GoProject/phonebook/src/app/state.service.ts: (?). This will become an error in Angular v6.x
Warning: Can't resolve all parameters for StateService in /home/gslab/Music/GoProject/phonebook/src/app/state.service.ts: (?). This will become an error in Angular v6.x
Warning: Can't resolve all parameters for StateService in /home/gslab/Music/GoProject/phonebook/src/app/state.service.ts: (?). This will become an error in Angular v6.x
Warning: Can't resolve all parameters for StateService in /home/gslab/Music/GoProject/phonebook/src/app/state.service.ts: (?). This will become an error in Angular v6.x
Warning: Can't resolve all parameters for StateService in /home/gslab/Music/GoProject/phonebook/src/app/state.service.ts: (?). This will become an error in Angular v6.x
Warning: Can't resolve all parameters for StateService in /home/gslab/Music/GoProject/phonebook/src/app/state.service.ts: (?). This will become an error in Angular v6.x
Warning: Can't resolve all parameters for StateService in /home/gslab/Music/GoProject/phonebook/src/app/state.service.ts: (?). This will become an error in Angular v6.x
Warning: Can't resolve all parameters for StateService in /home/gslab/Music/GoProject/phonebook/src/app/state.service.ts: (?). This will become an error in Angular v6.x
Warning: Can't resolve all parameters for StateService in /home/gslab/Music/GoProject/phonebook/src/app/state.service.ts: (?). This will become an error in Angular v6.x
Warning: Can't resolve all parameters for StateService in /home/gslab/Music/GoProject/phonebook/src/app/state.service.ts: (?). This will become an error in Angular v6.x
Warning: Can't resolve all parameters for StateService in /home/gslab/Music/GoProject/phonebook/src/app/state.service.ts: (?). This will become an error in Angular v6.x
Warning: Can't resolve all parameters for StateService in /home/gslab/Music/GoProject/phonebook/src/app/state.service.ts: (?). This will become an error in Angular v6.x
Warning: Can't resolve all parameters for StateService in /home/gslab/Music/GoProject/phonebook/src/app/state.service.ts: (?). This will become an error in Angular v6.x
Warning: Can't resolve all parameters for StateService in /home/gslab/Music/GoProject/phonebook/src/app/state.service.ts: (?). This will become an error in Angular v6.x
Warning: Can't resolve all parameters for StateService in /home/gslab/Music/GoProject/phonebook/src/app/state.service.ts: (?). This will become an error in Angular v6.x
Warning: Can't resolve all parameters for StateService in /home/gslab/Music/GoProject/phonebook/src/app/state.service.ts: (?). This will become an error in Angular v6.x
Warning: Can't resolve all parameters for StateService in /home/gslab/Music/GoProject/phonebook/src/app/state.service.ts: (?). This will become an error in Angular v6.x
Warning: Can't resolve all parameters for StateService in /home/gslab/Music/GoProject/phonebook/src/app/state.service.ts: (?). This will become an error in Angular v6.x
Warning: Can't resolve all parameters for StateService in /home/gslab/Music/GoProject/phonebook/src/app/state.service.ts: (?). This will become an error in Angular v6.x
Warning: Can't resolve all parameters for StateService in /home/gslab/Music/GoProject/phonebook/src/app/state.service.ts: (?). This will become an error in Angular v6.x
Warning: Can't resolve all parameters for StateService in /home/gslab/Music/GoProject/phonebook/src/app/state.service.ts: (?). This will become an error in Angular v6.x
Warning: Can't resolve all parameters for StateService in /home/gslab/Music/GoProject/phonebook/src/app/state.service.ts: (?). This will become an error in Angular v6.x
Warning: Can't resolve all parameters for StateService in /home/gslab/Music/GoProject/phonebook/src/app/state.service.ts: (?). This will become an error in Angular v6.x
Warning: Can't resolve all parameters for StateService in /home/gslab/Music/GoProject/phonebook/src/app/state.service.ts: (?). This will become an error in Angular v6.x
Warning: Can't resolve all parameters for StateService in /home/gslab/Music/GoProject/phonebook/src/app/state.service.ts: (?). This will become an error in Angular v6.x
Warning: Can't resolve all parameters for StateService in /home/gslab/Music/GoProject/phonebook/src/app/state.service.ts: (?). This will become an error in Angular v6.x
Warning: Can't resolve all parameters for StateService in /home/gslab/Music/GoProject/phonebook/src/app/state.service.ts: (?). This will become an error in Angular v6.x
Warning: Can't resolve all parameters for StateService in /home/gslab/Music/GoProject/phonebook/src/app/state.service.ts: (?). This will become an error in Angular v6.x
Warning: Can't resolve all parameters for StateService in /home/gslab/Music/GoProject/phonebook/src/app/state.service.ts: (?). This will become an error in Angular v6.x
Warning: Can't resolve all parameters for StateService in /home/gslab/Music/GoProject/phonebook/src/app/state.service.ts: (?). This will become an error in Angular v6.x
Warning: Can't resolve all parameters for StateService in /home/gslab/Music/GoProject/phonebook/src/app/state.service.ts: (?). This will become an error in Angular v6.x
Warning: Can't resolve all parameters for StateService in /home/gslab/Music/GoProject/phonebook/src/app/state.service.ts: (?). This will become an error in Angular v6.x
Warning: Can't resolve all parameters for StateService in /home/gslab/Music/GoProject/phonebook/src/app/state.service.ts: (?). This will become an error in Angular v6.x
Warning: Can't resolve all parameters for StateService in /home/gslab/Music/GoProject/phonebook/src/app/state.service.ts: (?). This will become an error in Angular v6.x
Warning: Can't resolve all parameters for StateService in /home/gslab/Music/GoProject/phonebook/src/app/state.service.ts: (?). This will become an error in Angular v6.x
Warning: Can't resolve all parameters for StateService in /home/gslab/Music/GoProject/phonebook/src/app/state.service.ts: (?). This will become an error in Angular v6.x
Warning: Can't resolve all parameters for StateService in /home/gslab/Music/GoProject/phonebook/src/app/state.service.ts: (?). This will become an error in Angular v6.x
Warning: Can't resolve all parameters for StateService in /home/gslab/Music/GoProject/phonebook/src/app/state.service.ts: (?). This will become an error in Angular v6.x
Warning: Can't resolve all parameters for StateService in /home/gslab/Music/GoProject/phonebook/src/app/state.service.ts: (?). This will become an error in Angular v6.x
Warning: Can't resolve all parameters for StateService in /home/gslab/Music/GoProject/phonebook/src/app/state.service.ts: (?). This will become an error in Angular v6.x
Warning: Can't resolve all parameters for StateService in /home/gslab/Music/GoProject/phonebook/src/app/state.service.ts: (?). This will become an error in Angular v6.x
Warning: Can't resolve all parameters for StateService in /home/gslab/Music/GoProject/phonebook/src/app/state.service.ts: (?). This will become an error in Angular v6.x
Warning: Can't resolve all parameters for StateService in /home/gslab/Music/GoProject/phonebook/src/app/state.service.ts: (?). This will become an error in Angular v6.x
Warning: Can't resolve all parameters for StateService in /home/gslab/Music/GoProject/phonebook/src/app/state.service.ts: (?). This will become an error in Angular v6.x
Warning: Can't resolve all parameters for StateService in /home/gslab/Music/GoProject/phonebook/src/app/state.service.ts: (?). This will become an error in Angular v6.x
Warning: Can't resolve all parameters for StateService in /home/gslab/Music/GoProject/phonebook/src/app/state.service.ts: (?). This will become an error in Angular v6.x
Warning: Can't resolve all parameters for StateService in /home/gslab/Music/GoProject/phonebook/src/app/state.service.ts: (?). This will become an error in Angular v6.x
Warning: Can't resolve all parameters for StateService in /home/gslab/Music/GoProject/phonebook/src/app/state.service.ts: (?). This will become an error in Angular v6.x
Warning: Can't resolve all parameters for StateService in /home/gslab/Music/GoProject/phonebook/src/app/state.service.ts: (?). This will become an error in Angular v6.x
Warning: Can't resolve all parameters for StateService in /home/gslab/Music/GoProject/phonebook/src/app/state.service.ts: (?). This will become an error in Angular v6.x
Warning: Can't resolve all parameters for StateService in /home/gslab/Music/GoProject/phonebook/src/app/state.service.ts: (?). This will become an error in Angular v6.x
Warning: Can't resolve all parameters for StateService in /home/gslab/Music/GoProject/phonebook/src/app/state.service.ts: (?). This will become an error in Angular v6.x
[Error - 3:41:19 PM] No config file for /usr/share/code/resources/app/extensions/node_modules/typescript/lib/lib.dom.d.ts
[Error - 3:41:33 PM] No config file for /usr/share/code/resources/app/extensions/node_modules/typescript/lib/lib.dom.d.ts
