[2020-02-03 14:16:28.486] [exthost] [info] extension host started
[2020-02-03 14:16:28.542] [exthost] [info] ExtensionService#_doActivateExtension vscode.extension-editing {"startup":false,"activationEvent":"onLanguage:typescript"}
[2020-02-03 14:16:28.542] [exthost] [info] ExtensionService#loadCommonJSModule file:///usr/share/code/resources/app/extensions/extension-editing/dist/extension
[2020-02-03 14:16:28.664] [exthost] [info] ExtensionService#_doActivateExtension vscode.typescript-language-features {"startup":false,"activationEvent":"onLanguage:typescript"}
[2020-02-03 14:16:28.664] [exthost] [info] ExtensionService#loadCommonJSModule file:///usr/share/code/resources/app/extensions/typescript-language-features/dist/extension
[2020-02-03 14:16:28.813] [exthost] [info] ExtensionService#_doActivateExtension Angular.ng-template {"startup":false,"activationEvent":"onLanguage:typescript"}
[2020-02-03 14:16:28.813] [exthost] [info] ExtensionService#loadCommonJSModule file:///root/.vscode/extensions/angular.ng-template-0.900.5/client
[2020-02-03 14:16:28.913] [exthost] [info] ExtensionService#_doActivateExtension ecmel.vscode-html-css {"startup":false,"activationEvent":"onLanguage:typescript"}
[2020-02-03 14:16:28.913] [exthost] [info] ExtensionService#loadCommonJSModule file:///root/.vscode/extensions/ecmel.vscode-html-css-0.2.3/dist/extension
[2020-02-03 14:16:29.161] [exthost] [info] ExtensionService#_doActivateExtension vscode.debug-auto-launch {"startup":true,"activationEvent":"*"}
[2020-02-03 14:16:29.162] [exthost] [info] ExtensionService#loadCommonJSModule file:///usr/share/code/resources/app/extensions/debug-auto-launch/dist/extension
[2020-02-03 14:16:29.176] [exthost] [info] ExtensionService#_doActivateExtension vscode.emmet {"startup":true,"activationEvent":"*"}
[2020-02-03 14:16:29.180] [exthost] [info] ExtensionService#loadCommonJSModule file:///usr/share/code/resources/app/extensions/emmet/dist/extension
[2020-02-03 14:16:29.262] [exthost] [info] ExtensionService#_doActivateExtension vscode.git {"startup":true,"activationEvent":"*"}
[2020-02-03 14:16:29.262] [exthost] [info] ExtensionService#loadCommonJSModule file:///usr/share/code/resources/app/extensions/git/dist/main
[2020-02-03 14:16:29.444] [exthost] [info] ExtensionService#_doActivateExtension vscode.merge-conflict {"startup":true,"activationEvent":"*"}
[2020-02-03 14:16:29.445] [exthost] [info] ExtensionService#loadCommonJSModule file:///usr/share/code/resources/app/extensions/merge-conflict/dist/extension
[2020-02-03 14:16:29.456] [exthost] [info] ExtensionService#_doActivateExtension vscode.npm {"startup":true,"activationEvent":"workspaceContains:package.json"}
[2020-02-03 14:16:29.456] [exthost] [info] ExtensionService#loadCommonJSModule file:///usr/share/code/resources/app/extensions/npm/dist/main
[2020-02-03 14:16:30.992] [exthost] [info] eager extensions activated
[2020-02-03 14:17:14.698] [exthost] [info] ExtensionService#_doActivateExtension vscode.configuration-editing {"startup":false,"activationEvent":"onLanguage:jsonc"}
[2020-02-03 14:17:14.698] [exthost] [info] ExtensionService#loadCommonJSModule file:///usr/share/code/resources/app/extensions/configuration-editing/dist/extension
[2020-02-03 14:17:14.712] [exthost] [info] ExtensionService#_doActivateExtension vscode.json-language-features {"startup":false,"activationEvent":"onLanguage:jsonc"}
[2020-02-03 14:17:14.736] [exthost] [info] ExtensionService#loadCommonJSModule file:///usr/share/code/resources/app/extensions/json-language-features/client/dist/jsonMain
[2020-02-03 14:21:48.406] [exthost] [info] ExtensionService#_doActivateExtension vscode.css-language-features {"startup":false,"activationEvent":"onLanguage:css"}
[2020-02-03 14:21:48.406] [exthost] [info] ExtensionService#loadCommonJSModule file:///usr/share/code/resources/app/extensions/css-language-features/client/dist/cssMain
[2020-02-03 14:21:50.011] [exthost] [info] ExtensionService#_doActivateExtension vscode.html-language-features {"startup":false,"activationEvent":"onLanguage:html"}
[2020-02-03 14:21:50.012] [exthost] [info] ExtensionService#loadCommonJSModule file:///usr/share/code/resources/app/extensions/html-language-features/client/dist/htmlMain
