[Info  - 11:42:05 AM] Angular language server process ID: 21698
[Info  - 11:42:05 AM] Using typescript v3.6.4 from /root/.vscode/extensions/angular.ng-template-0.900.3/node_modules/typescript/lib/tsserverlibrary.js
[Info  - 11:42:05 AM] Using @angular/language-service v9.0.0-rc.7 from /root/.vscode/extensions/angular.ng-template-0.900.3/server/node_modules/@angular/language-service/bundles/language-service.umd.js
[Info  - 11:42:05 AM] Log file: /home/gslab/Music/GoProject/phonebook/logs/20200106T114150/exthost1/Angular.ng-template/nglangsvc.log
Warning: Can't resolve all parameters for AdmindashboardService in /home/gslab/Music/GoProject/phonebook/src/app/admindashboard.service.ts: (?). This will become an error in Angular v6.x
Warning: Can't resolve all parameters for AdmindashboardService in /home/gslab/Music/GoProject/phonebook/src/app/admindashboard.service.ts: (?). This will become an error in Angular v6.x
Warning: Can't resolve all parameters for AdmindashboardService in /home/gslab/Music/GoProject/phonebook/src/app/admindashboard.service.ts: (?). This will become an error in Angular v6.x
Warning: Can't resolve all parameters for AdmindashboardService in /home/gslab/Music/GoProject/phonebook/src/app/admindashboard.service.ts: (?). This will become an error in Angular v6.x
Warning: Can't resolve all parameters for AdmindashboardService in /home/gslab/Music/GoProject/phonebook/src/app/admindashboard.service.ts: (?). This will become an error in Angular v6.x
Warning: Can't resolve all parameters for AdmindashboardService in /home/gslab/Music/GoProject/phonebook/src/app/admindashboard.service.ts: (?). This will become an error in Angular v6.x
Warning: Can't resolve all parameters for AdmindashboardService in /home/gslab/Music/GoProject/phonebook/src/app/admindashboard.service.ts: (?). This will become an error in Angular v6.x
Warning: Can't resolve all parameters for AdmindashboardService in /home/gslab/Music/GoProject/phonebook/src/app/admindashboard.service.ts: (?). This will become an error in Angular v6.x
Warning: Can't resolve all parameters for AdmindashboardService in /home/gslab/Music/GoProject/phonebook/src/app/admindashboard.service.ts: (?). This will become an error in Angular v6.x
Warning: Can't resolve all parameters for AdmindashboardService in /home/gslab/Music/GoProject/phonebook/src/app/admindashboard.service.ts: (?). This will become an error in Angular v6.x
Warning: Can't resolve all parameters for AdmindashboardService in /home/gslab/Music/GoProject/phonebook/src/app/admindashboard.service.ts: (?). This will become an error in Angular v6.x
Warning: Can't resolve all parameters for AdmindashboardService in /home/gslab/Music/GoProject/phonebook/src/app/admindashboard.service.ts: (?). This will become an error in Angular v6.x
Warning: Can't resolve all parameters for AdmindashboardService in /home/gslab/Music/GoProject/phonebook/src/app/admindashboard.service.ts: (?). This will become an error in Angular v6.x
Warning: Can't resolve all parameters for AdmindashboardService in /home/gslab/Music/GoProject/phonebook/src/app/admindashboard.service.ts: (?). This will become an error in Angular v6.x
Warning: Can't resolve all parameters for AdmindashboardService in /home/gslab/Music/GoProject/phonebook/src/app/admindashboard.service.ts: (?). This will become an error in Angular v6.x
Warning: Can't resolve all parameters for AdmindashboardService in /home/gslab/Music/GoProject/phonebook/src/app/admindashboard.service.ts: (?). This will become an error in Angular v6.x
Warning: Can't resolve all parameters for AdmindashboardService in /home/gslab/Music/GoProject/phonebook/src/app/admindashboard.service.ts: (?). This will become an error in Angular v6.x
Warning: Can't resolve all parameters for AdmindashboardService in /home/gslab/Music/GoProject/phonebook/src/app/admindashboard.service.ts: (?). This will become an error in Angular v6.x
Warning: Can't resolve all parameters for AdmindashboardService in /home/gslab/Music/GoProject/phonebook/src/app/admindashboard.service.ts: (?). This will become an error in Angular v6.x
Warning: Can't resolve all parameters for AdmindashboardService in /home/gslab/Music/GoProject/phonebook/src/app/admindashboard.service.ts: (?). This will become an error in Angular v6.x
